<?xml version="1.0" encoding="UTF-8"?>
<testsuite xmlns:xsi="http://www.w3.org/2001/XMLSchema-instance" xsi:noNamespaceSchemaLocation="https://maven.apache.org/surefire/maven-surefire-plugin/xsd/surefire-test-report-3.0.xsd" version="3.0" name="com.taskwizard.user.controller.UserControllerTest" time="7.43" tests="4" errors="0" skipped="0" failures="0">
  <properties>
[...]
</properties>
  <testcase name="getUser_Success" classname="com.taskwizard.user.controller.UserControllerTest" time="0.341">
    <system-out><![CDATA[14:25:43.709 [main] INFO org.springframework.test.context.support.AnnotationConfigContextLoaderUtils -- Could not detect default configuration classes for test class [com.taskwizard.user.controller.UserControllerTest]: UserControllerTest does not declare any static, non-private, non-final, nested classes annotated with @Configuration.
14:25:44.026 [main] INFO org.springframework.boot.test.context.SpringBootTestContextBootstrapper -- Found @SpringBootConfiguration com.taskwizard.TaskWizardApplication for test class com.taskwizard.user.controller.UserControllerTest

  .   ____          _            __ _ _
 /\\ / ___'_ __ _ _(_)_ __  __ _ \ \ \ \
( ( )\___ | '_ | '_| | '_ \/ _` | \ \ \ \
 \\/  ___)| |_)| | | | | || (_| |  ) ) ) )
  '  |____| .__|_| |_|_| |_\__, | / / / /
 =========|_|==============|___/=/_/_/_/
&amp#27;[32m :: Spring Boot :: &amp#27;[39m              &amp#27;[2m (v3.2.0)&amp#27;[0;39m

2025-02-10 14:25:44 [main] INFO  c.t.u.controller.UserControllerTest - Starting UserControllerTest using Java 22.0.2 with PID 14928 (started by rahulmishra in /Users/rahulmishra/Desktop/Advance Java/Task-Wizard/Task-Wizard)
2025-02-10 14:25:44 [main] DEBUG c.t.u.controller.UserControllerTest - Running with Spring Boot v3.2.0, Spring v6.1.1
2025-02-10 14:25:44 [main] INFO  c.t.u.controller.UserControllerTest - No active profile set, falling back to 1 default profile: "default"
2025-02-10 14:25:44 [main] DEBUG o.s.w.c.s.GenericWebApplicationContext - Refreshing org.springframework.web.context.support.GenericWebApplicationContext@1adb7478
2025-02-10 14:25:49 [main] DEBUG o.s.w.s.m.m.a.RequestMappingHandlerMapping - 6 mappings in 'requestMappingHandlerMapping'
2025-02-10 14:25:49 [main] DEBUG o.s.w.s.h.SimpleUrlHandlerMapping - Patterns [/webjars/**, /**] in 'resourceHandlerMapping'
2025-02-10 14:25:49 [main] INFO  o.s.s.web.DefaultSecurityFilterChain - Will secure any request with [org.springframework.security.web.session.DisableEncodeUrlFilter@38f502fc, org.springframework.security.web.context.request.async.WebAsyncManagerIntegrationFilter@67c21bf, org.springframework.security.web.context.SecurityContextHolderFilter@57b9389f, org.springframework.security.web.header.HeaderWriterFilter@4e4395c, org.springframework.web.filter.CorsFilter@67afe909, org.springframework.security.web.authentication.logout.LogoutFilter@615b5480, org.springframework.security.web.savedrequest.RequestCacheAwareFilter@41f785e3, org.springframework.security.web.servletapi.SecurityContextHolderAwareRequestFilter@6c9a3661, org.springframework.security.web.authentication.AnonymousAuthenticationFilter@79f1e22e, org.springframework.security.web.access.ExceptionTranslationFilter@55421b8d, org.springframework.security.web.access.intercept.AuthorizationFilter@52a67293]
2025-02-10 14:25:49 [main] DEBUG o.s.w.s.m.m.a.RequestMappingHandlerAdapter - ControllerAdvice beans: 0 @ModelAttribute, 0 @InitBinder, 1 RequestBodyAdvice, 1 ResponseBodyAdvice
2025-02-10 14:25:49 [main] DEBUG o.s.w.s.m.m.a.ExceptionHandlerExceptionResolver - ControllerAdvice beans: 1 @ExceptionHandler, 1 ResponseBodyAdvice
2025-02-10 14:25:49 [main] INFO  o.s.b.t.m.w.SpringBootMockServletContext - Initializing Spring TestDispatcherServlet ''
2025-02-10 14:25:49 [main] INFO  o.s.t.w.s.TestDispatcherServlet - Initializing Servlet ''
2025-02-10 14:25:49 [main] INFO  o.s.t.w.s.TestDispatcherServlet - Completed initialization in 3 ms
2025-02-10 14:25:49 [main] INFO  c.t.u.controller.UserControllerTest - Started UserControllerTest in 5.865 seconds (process running for 7.832)
2025-02-10 14:25:50 [main] WARN  o.s.w.s.h.HandlerMappingIntrospector - Cache miss for REQUEST dispatch to '/api/v1/users/92930344-73e5-4a43-a037-27069dbeffdc' (previous null). Performing CorsConfiguration lookup. This is logged once only at WARN level, and every time at TRACE.
2025-02-10 14:25:50 [main] DEBUG o.s.w.s.m.m.a.RequestMappingHandlerMapping - Mapped to com.taskwizard.user.controller.UserController#getUser(UUID)
2025-02-10 14:25:50 [main] INFO  c.t.config.RequestLoggingInterceptor - Request URL: GET http://localhost/api/v1/users/92930344-73e5-4a43-a037-27069dbeffdc
2025-02-10 14:25:50 [main] DEBUG o.s.w.s.m.m.a.HttpEntityMethodProcessor - Using 'application/json', given [*/*] and supported [application/json, application/*+json]
2025-02-10 14:25:50 [main] DEBUG o.s.w.s.m.m.a.HttpEntityMethodProcessor - Writing [com.taskwizard.user.domain.User@6dd38df2]
2025-02-10 14:25:50 [main] INFO  c.t.config.RequestLoggingInterceptor - Response Status: 200
]]></system-out>
    <system-err><![CDATA[WARNING: A Java agent has been loaded dynamically (/Users/rahulmishra/.m2/repository/net/bytebuddy/byte-buddy-agent/1.14.10/byte-buddy-agent-1.14.10.jar)
WARNING: If a serviceability tool is in use, please run with -XX:+EnableDynamicAgentLoading to hide this warning
WARNING: If a serviceability tool is not in use, please run with -Djdk.instrument.traceUsage for more information
WARNING: Dynamic loading of agents will be disallowed by default in a future release
]]></system-err>
  </testcase>
  <testcase name="createUser_Success" classname="com.taskwizard.user.controller.UserControllerTest" time="0.253">
    <system-out><![CDATA[2025-02-10 14:25:50 [main] DEBUG o.s.w.s.m.m.a.RequestMappingHandlerMapping - Mapped to com.taskwizard.user.controller.UserController#createUser(UserRequest)
2025-02-10 14:25:50 [main] INFO  c.t.config.RequestLoggingInterceptor - Request URL: POST http://localhost/api/v1/users
2025-02-10 14:25:50 [main] DEBUG o.s.w.s.m.m.a.RequestResponseBodyMethodProcessor - Read "application/json;charset=UTF-8" to [UserRequest(name=Test User, email=test@example.com)]
2025-02-10 14:25:50 [main] DEBUG o.s.w.s.m.m.a.HttpEntityMethodProcessor - Using 'application/json', given [*/*] and supported [application/json, application/*+json]
2025-02-10 14:25:50 [main] DEBUG o.s.w.s.m.m.a.HttpEntityMethodProcessor - Writing [com.taskwizard.user.domain.User@55746340]
2025-02-10 14:25:50 [main] INFO  c.t.config.RequestLoggingInterceptor - Response Status: 201
]]></system-out>
  </testcase>
  <testcase name="createUser_InvalidEmail" classname="com.taskwizard.user.controller.UserControllerTest" time="0.073">
    <system-out><![CDATA[2025-02-10 14:25:50 [main] DEBUG o.s.w.s.m.m.a.RequestMappingHandlerMapping - Mapped to com.taskwizard.user.controller.UserController#createUser(UserRequest)
2025-02-10 14:25:50 [main] INFO  c.t.config.RequestLoggingInterceptor - Request URL: POST http://localhost/api/v1/users
2025-02-10 14:25:50 [main] DEBUG o.s.w.s.m.m.a.RequestResponseBodyMethodProcessor - Read "application/json;charset=UTF-8" to [UserRequest(name=Test User, email=invalid-email)]
2025-02-10 14:25:50 [main] DEBUG o.s.w.s.m.m.a.ExceptionHandlerExceptionResolver - Using @ExceptionHandler com.taskwizard.common.exception.GlobalExceptionHandler#handleValidationExceptions(MethodArgumentNotValidException)
2025-02-10 14:25:50 [main] DEBUG o.s.w.s.m.m.a.HttpEntityMethodProcessor - Using 'application/json', given [*/*] and supported [application/json, application/*+json]
2025-02-10 14:25:50 [main] DEBUG o.s.w.s.m.m.a.HttpEntityMethodProcessor - Writing [ErrorResponse(status=400, message=Validation failed, timestamp=2025-02-10T14:25:50.678245, errors={e (truncated)...]
2025-02-10 14:25:50 [main] DEBUG o.s.w.s.m.m.a.ExceptionHandlerExceptionResolver - Resolved [org.springframework.web.bind.MethodArgumentNotValidException: Validation failed for argument [0] in public org.springframework.http.ResponseEntity<com.taskwizard.user.domain.User> com.taskwizard.user.controller.UserController.createUser(com.taskwizard.user.dto.UserRequest): [Field error in object 'userRequest' on field 'email': rejected value [invalid-email]; codes [Email.userRequest.email,Email.email,Email.java.lang.String,Email]; arguments [org.springframework.context.support.DefaultMessageSourceResolvable: codes [userRequest.email,email]; arguments []; default message [email],[Ljakarta.validation.constraints.Pattern$Flag;@409395b9,.*]; default message [Invalid email format]] ]
]]></system-out>
  </testcase>
  <testcase name="getUser_NotFound" classname="com.taskwizard.user.controller.UserControllerTest" time="0.021">
    <system-out><![CDATA[2025-02-10 14:25:50 [main] DEBUG o.s.w.s.m.m.a.RequestMappingHandlerMapping - Mapped to com.taskwizard.user.controller.UserController#getUser(UUID)
2025-02-10 14:25:50 [main] INFO  c.t.config.RequestLoggingInterceptor - Request URL: GET http://localhost/api/v1/users/2fdc3da5-eb3d-4ad0-b632-750014052d04
2025-02-10 14:25:50 [main] DEBUG o.s.w.s.m.m.a.ExceptionHandlerExceptionResolver - Using @ExceptionHandler com.taskwizard.common.exception.GlobalExceptionHandler#handleResourceNotFound(ResourceNotFoundException)
2025-02-10 14:25:50 [main] DEBUG o.s.w.s.m.m.a.HttpEntityMethodProcessor - Using 'application/json', given [*/*] and supported [application/json, application/*+json]
2025-02-10 14:25:50 [main] DEBUG o.s.w.s.m.m.a.HttpEntityMethodProcessor - Writing [ErrorResponse(status=404, message=User not found, timestamp=2025-02-10T14:25:50.728399, errors={})]
2025-02-10 14:25:50 [main] DEBUG o.s.w.s.m.m.a.ExceptionHandlerExceptionResolver - Resolved [com.taskwizard.common.exception.ResourceNotFoundException: User not found]
]]></system-out>
  </testcase>
</testsuite>